# JRE version: OpenJDK Runtime Environment (8.0_202-b03) (build 1.8.0_202-release-1483-b03)
# Java VM: OpenJDK 64-Bit Server VM (25.202-b03 mixed mode windows-amd64 compressed oops)
Heap:
 PSYoungGen      total 409088K, used 76197K [0x00000000e0000000, 0x00000000fb300000, 0x0000000100000000)
  eden space 373760K, 17% used [0x00000000e0000000,0x00000000e417be58,0x00000000f6d00000)
  from space 35328K, 25% used [0x00000000f6d00000,0x00000000f75ed708,0x00000000f8f80000)
  to   space 35840K, 0% used [0x00000000f8f80000,0x00000000f8f80000,0x00000000fb280000)
 ParOldGen       total 140288K, used 69390K [0x00000000a0000000, 0x00000000a8900000, 0x00000000e0000000)
  object space 140288K, 49% used [0x00000000a0000000,0x00000000a43c3bb8,0x00000000a8900000)
 Metaspace       used 100571K, capacity 105100K, committed 105216K, reserved 1140736K
  class space    used 12651K, capacity 13507K, committed 13568K, reserved 1048576K
GC Heap History (10 events):
Event: 3137.574 GC heap before
{Heap before GC invocations=33 (full 4):
 PSYoungGen      total 303104K, used 284882K [0x00000000e0000000, 0x00000000f4c80000, 0x0000000100000000)
  eden space 267264K, 100% used [0x00000000e0000000,0x00000000f0500000,0x00000000f0500000)
  from space 35840K, 49% used [0x00000000f2700000,0x00000000f3834ae8,0x00000000f4a00000)
  to   space 34816K, 0% used [0x00000000f0500000,0x00000000f0500000,0x00000000f2700000)
 ParOldGen       total 140288K, used 64847K [0x00000000a0000000, 0x00000000a8900000, 0x00000000e0000000)
  object space 140288K, 46% used [0x00000000a0000000,0x00000000a3f53f90,0x00000000a8900000)
 Metaspace       used 99867K, capacity 104332K, committed 104704K, reserved 1140736K
  class space    used 12582K, capacity 13443K, committed 13568K, reserved 1048576K
Event: 3137.621 GC heap after
Heap after GC invocations=33 (full 4):
 PSYoungGen      total 302080K, used 17846K [0x00000000e0000000, 0x00000000f7480000, 0x0000000100000000)
  eden space 267264K, 0% used [0x00000000e0000000,0x00000000e0000000,0x00000000f0500000)
  from space 34816K, 51% used [0x00000000f0500000,0x00000000f166d800,0x00000000f2700000)
  to   space 33792K, 0% used [0x00000000f5380000,0x00000000f5380000,0x00000000f7480000)
 ParOldGen       total 140288K, used 64847K [0x00000000a0000000, 0x00000000a8900000, 0x00000000e0000000)
  object space 140288K, 46% used [0x00000000a0000000,0x00000000a3f53f90,0x00000000a8900000)
 Metaspace       used 99867K, capacity 104332K, committed 104704K, reserved 1140736K
  class space    used 12582K, capacity 13443K, committed 13568K, reserved 1048576K
}
Event: 3138.753 GC heap before
{Heap before GC invocations=34 (full 4):
 PSYoungGen      total 302080K, used 285110K [0x00000000e0000000, 0x00000000f7480000, 0x0000000100000000)
  eden space 267264K, 100% used [0x00000000e0000000,0x00000000f0500000,0x00000000f0500000)
  from space 34816K, 51% used [0x00000000f0500000,0x00000000f166d800,0x00000000f2700000)
  to   space 33792K, 0% used [0x00000000f5380000,0x00000000f5380000,0x00000000f7480000)
 ParOldGen       total 140288K, used 64847K [0x00000000a0000000, 0x00000000a8900000, 0x00000000e0000000)
  object space 140288K, 46% used [0x00000000a0000000,0x00000000a3f53f90,0x00000000a8900000)
 Metaspace       used 99896K, capacity 104336K, committed 104704K, reserved 1140736K
  class space    used 12585K, capacity 13445K, committed 13568K, reserved 1048576K
Event: 3138.809 GC heap after
Heap after GC invocations=34 (full 4):
 PSYoungGen      total 346624K, used 22530K [0x00000000e0000000, 0x00000000f7a00000, 0x0000000100000000)
  eden space 312832K, 0% used [0x00000000e0000000,0x00000000e0000000,0x00000000f3180000)
  from space 33792K, 66% used [0x00000000f5380000,0x00000000f6980bd0,0x00000000f7480000)
  to   space 34816K, 0% used [0x00000000f3180000,0x00000000f3180000,0x00000000f5380000)
 ParOldGen       total 140288K, used 64847K [0x00000000a0000000, 0x00000000a8900000, 0x00000000e0000000)
  object space 140288K, 46% used [0x00000000a0000000,0x00000000a3f53f90,0x00000000a8900000)
 Metaspace       used 99896K, capacity 104336K, committed 104704K, reserved 1140736K
  class space    used 12585K, capacity 13445K, committed 13568K, reserved 1048576K
}
Event: 3140.431 GC heap before
{Heap before GC invocations=35 (full 4):
 PSYoungGen      total 346624K, used 335362K [0x00000000e0000000, 0x00000000f7a00000, 0x0000000100000000)
  eden space 312832K, 100% used [0x00000000e0000000,0x00000000f3180000,0x00000000f3180000)
  from space 33792K, 66% used [0x00000000f5380000,0x00000000f6980bd0,0x00000000f7480000)
  to   space 34816K, 0% used [0x00000000f3180000,0x00000000f3180000,0x00000000f5380000)
 ParOldGen       total 140288K, used 64847K [0x00000000a0000000, 0x00000000a8900000, 0x00000000e0000000)
  object space 140288K, 46% used [0x00000000a0000000,0x00000000a3f53f90,0x00000000a8900000)
 Metaspace       used 100157K, capacity 104564K, committed 104960K, reserved 1140736K
  class space    used 12614K, capacity 13465K, committed 13568K, reserved 1048576K
Event: 3140.503 GC heap after
Heap after GC invocations=35 (full 4):
 PSYoungGen      total 347648K, used 24316K [0x00000000e0000000, 0x00000000fb280000, 0x0000000100000000)
  eden space 312832K, 0% used [0x00000000e0000000,0x00000000e0000000,0x00000000f3180000)
  from space 34816K, 69% used [0x00000000f3180000,0x00000000f493f060,0x00000000f5380000)
  to   space 35840K, 0% used [0x00000000f8f80000,0x00000000f8f80000,0x00000000fb280000)
 ParOldGen       total 140288K, used 64855K [0x00000000a0000000, 0x00000000a8900000, 0x00000000e0000000)
  object space 140288K, 46% used [0x00000000a0000000,0x00000000a3f55f90,0x00000000a8900000)
 Metaspace       used 100157K, capacity 104564K, committed 104960K, reserved 1140736K
  class space    used 12614K, capacity 13465K, committed 13568K, reserved 1048576K
}
Event: 3141.976 GC heap before
{Heap before GC invocations=36 (full 4):
 PSYoungGen      total 347648K, used 337067K [0x00000000e0000000, 0x00000000fb280000, 0x0000000100000000)
  eden space 312832K, 99% used [0x00000000e0000000,0x00000000f316bd28,0x00000000f3180000)
  from space 34816K, 69% used [0x00000000f3180000,0x00000000f493f060,0x00000000f5380000)
  to   space 35840K, 0% used [0x00000000f8f80000,0x00000000f8f80000,0x00000000fb280000)
 ParOldGen       total 140288K, used 64855K [0x00000000a0000000, 0x00000000a8900000, 0x00000000e0000000)
  object space 140288K, 46% used [0x00000000a0000000,0x00000000a3f55f90,0x00000000a8900000)
 Metaspace       used 100180K, capacity 104646K, committed 104960K, reserved 1140736K
  class space    used 12616K, capacity 13468K, committed 13568K, reserved 1048576K
Event: 3142.043 GC heap after
Heap after GC invocations=36 (full 4):
 PSYoungGen      total 409600K, used 20844K [0x00000000e0000000, 0x00000000fb300000, 0x0000000100000000)
  eden space 373760K, 0% used [0x00000000e0000000,0x00000000e0000000,0x00000000f6d00000)
  from space 35840K, 58% used [0x00000000f8f80000,0x00000000fa3db000,0x00000000fb280000)
  to   space 35328K, 0% used [0x00000000f6d00000,0x00000000f6d00000,0x00000000f8f80000)
 ParOldGen       total 140288K, used 67386K [0x00000000a0000000, 0x00000000a8900000, 0x00000000e0000000)
  object space 140288K, 48% used [0x00000000a0000000,0x00000000a41cea08,0x00000000a8900000)
 Metaspace       used 100180K, capacity 104646K, committed 104960K, reserved 1140736K
  class space    used 12616K, capacity 13468K, committed 13568K, reserved 1048576K
}
Event: 3144.892 GC heap before
{Heap before GC invocations=37 (full 4):
 PSYoungGen      total 409600K, used 394604K [0x00000000e0000000, 0x00000000fb300000, 0x0000000100000000)
  eden space 373760K, 100% used [0x00000000e0000000,0x00000000f6d00000,0x00000000f6d00000)
  from space 35840K, 58% used [0x00000000f8f80000,0x00000000fa3db000,0x00000000fb280000)
  to   space 35328K, 0% used [0x00000000f6d00000,0x00000000f6d00000,0x00000000f8f80000)
 ParOldGen       total 140288K, used 67386K [0x00000000a0000000, 0x00000000a8900000, 0x00000000e0000000)
  object space 140288K, 48% used [0x00000000a0000000,0x00000000a41cea08,0x00000000a8900000)
 Metaspace       used 100286K, capacity 104712K, committed 104960K, reserved 1140736K
  class space    used 12627K, capacity 13469K, committed 13568K, reserved 1048576K
Event: 3144.923 GC heap after
Heap after GC invocations=37 (full 4):
 PSYoungGen      total 409088K, used 9141K [0x00000000e0000000, 0x00000000fb300000, 0x0000000100000000)
  eden space 373760K, 0% used [0x00000000e0000000,0x00000000e0000000,0x00000000f6d00000)
  from space 35328K, 25% used [0x00000000f6d00000,0x00000000f75ed708,0x00000000f8f80000)
  to   space 35840K, 0% used [0x00000000f8f80000,0x00000000f8f80000,0x00000000fb280000)
 ParOldGen       total 140288K, used 69390K [0x00000000a0000000, 0x00000000a8900000, 0x00000000e0000000)
  object space 140288K, 49% used [0x00000000a0000000,0x00000000a43c3bb8,0x00000000a8900000)
 Metaspace       used 100286K, capacity 104712K, committed 104960K, reserved 1140736K
  class space    used 12627K, capacity 13469K, committed 13568K, reserved 1048576K
}

